        -:    0:Source:C:/Users/melia/CLionProjects/TPI-AyED1/testGrupo/flotaTESTPropio.cpp
        -:    0:Graph:C:\Users\melia\CLionProjects\TPI-AyED1\cmake-build-debug\CMakeFiles\tpi.dir\testGrupo\flotaTESTPropio.gcno
        -:    0:Data:C:\Users\melia\CLionProjects\TPI-AyED1\cmake-build-debug\CMakeFiles\tpi.dir\testGrupo\flotaTESTPropio.gcda
        -:    0:Runs:1
        -:    1:#include "../ejercicios.h"
        -:    2:#include "../auxiliares.h"
        -:    3:#include "gtest/gtest.h"
        -:    4:
        -:    5:using namespace std;
        -:    6:
        -:    7:vector<viaje> g = {{
        -:    8:                   medicion(1.5,puntoGps(2.5, 2.89996)),
        -:    9:                   medicion(1.7,puntoGps(2.5, 2.89997)),
        -:   10:                   medicion(1.9,puntoGps(2.5, 2.89998))},
        -:   11:                   {
        -:   12:                    medicion(2.5,puntoGps(2.5, 2.89996)),
        -:   13:                    medicion(2.6,puntoGps(2.5, 2.89997)),
        -:   14:                    medicion(2.7,puntoGps(2.5, 2.89998))},
        -:   15:                   {
        -:   16:                    medicion(0.5,puntoGps(2.5, 2.89996)),
        -:   17:                    medicion(0.6,puntoGps(2.5, 2.89997)),
        -:   18:                    medicion(0.7,puntoGps(2.5, 2.89998))},
        -:   19:                   };
        -:   20:
        -:   21:
        2:   22:TEST(flotaTotalTEST, todosDespuesDeFranja){
       1*:   23:    EXPECT_EQ(flota(g, 0.0, 0.4), 0);
        1:   24:}
------------------
_ZN40flotaTotalTEST_todosDespuesDeFranja_Test8TestBodyEv:
function _ZN40flotaTotalTEST_todosDespuesDeFranja_Test8TestBodyEv called 1 returned 100% blocks executed 29%
        1:   22:TEST(flotaTotalTEST, todosDespuesDeFranja){
       1*:   23:    EXPECT_EQ(flota(g, 0.0, 0.4), 0);
        1:   23-block  0
call    0 returned 1
branch  1 taken 1 (fallthrough)
branch  2 taken 0 (throw)
        1:   23-block  1
call    3 returned 1
branch  4 taken 1 (fallthrough)
branch  5 taken 0 (throw)
        1:   23-block  2
call    6 returned 1
branch  7 taken 1 (fallthrough)
branch  8 taken 0 (throw)
        1:   23-block  3
call    9 returned 1
call   10 returned 1
branch 11 taken 0 (fallthrough)
branch 12 taken 1
    %%%%%:   23-block  4
call   13 never executed
branch 14 never executed
branch 15 never executed
    %%%%%:   23-block  5
call   16 never executed
branch 17 never executed
branch 18 never executed
    %%%%%:   23-block  6
call   19 never executed
branch 20 never executed
branch 21 never executed
    %%%%%:   23-block  7
call   22 never executed
branch 23 never executed
branch 24 never executed
    %%%%%:   23-block  8
call   25 never executed
call   26 never executed
        1:   23-block  9
call   27 returned 1
    $$$$$:   23-block 10
    $$$$$:   23-block 11
    $$$$$:   23-block 12
    $$$$$:   23-block 13
call   28 never executed
    $$$$$:   23-block 14
    $$$$$:   23-block 15
call   29 never executed
    $$$$$:   23-block 16
    $$$$$:   23-block 17
call   30 never executed
        1:   24:}
------------------
_ZN40flotaTotalTEST_todosDespuesDeFranja_TestC1Ev:
function _ZN40flotaTotalTEST_todosDespuesDeFranja_TestC1Ev called 1 returned 100% blocks executed 100%
        1:   22:TEST(flotaTotalTEST, todosDespuesDeFranja){
        1:   22-block  0
call    0 returned 1
------------------
        -:   25:
        2:   26:TEST(flotaTotalTEST, unoEnFranja){
       1*:   27:    EXPECT_EQ(flota(g, 2.0, 2.5), 1);
        1:   28:}
------------------
_ZN31flotaTotalTEST_unoEnFranja_Test8TestBodyEv:
function _ZN31flotaTotalTEST_unoEnFranja_Test8TestBodyEv called 1 returned 100% blocks executed 29%
        1:   26:TEST(flotaTotalTEST, unoEnFranja){
       1*:   27:    EXPECT_EQ(flota(g, 2.0, 2.5), 1);
        1:   27-block  0
call    0 returned 1
branch  1 taken 1 (fallthrough)
branch  2 taken 0 (throw)
        1:   27-block  1
call    3 returned 1
branch  4 taken 1 (fallthrough)
branch  5 taken 0 (throw)
        1:   27-block  2
call    6 returned 1
branch  7 taken 1 (fallthrough)
branch  8 taken 0 (throw)
        1:   27-block  3
call    9 returned 1
call   10 returned 1
branch 11 taken 0 (fallthrough)
branch 12 taken 1
    %%%%%:   27-block  4
call   13 never executed
branch 14 never executed
branch 15 never executed
    %%%%%:   27-block  5
call   16 never executed
branch 17 never executed
branch 18 never executed
    %%%%%:   27-block  6
call   19 never executed
branch 20 never executed
branch 21 never executed
    %%%%%:   27-block  7
call   22 never executed
branch 23 never executed
branch 24 never executed
    %%%%%:   27-block  8
call   25 never executed
call   26 never executed
        1:   27-block  9
call   27 returned 1
    $$$$$:   27-block 10
    $$$$$:   27-block 11
    $$$$$:   27-block 12
    $$$$$:   27-block 13
call   28 never executed
    $$$$$:   27-block 14
    $$$$$:   27-block 15
call   29 never executed
    $$$$$:   27-block 16
    $$$$$:   27-block 17
call   30 never executed
        1:   28:}
------------------
_ZN31flotaTotalTEST_unoEnFranja_TestC1Ev:
function _ZN31flotaTotalTEST_unoEnFranja_TestC1Ev called 1 returned 100% blocks executed 100%
        1:   26:TEST(flotaTotalTEST, unoEnFranja){
        1:   26-block  0
call    0 returned 1
------------------
        -:   29:
        2:   30:TEST(flotaTotalTEST, igualAFranja){
       1*:   31:    EXPECT_EQ(flota(g, 1.5, 1.9), 1);
       1*:   32:    EXPECT_EQ(flota(g, 1.5, 2.0), 1);
       1*:   33:    EXPECT_EQ(flota(g, 2.0, 2.7), 1);
        1:   34:}
------------------
_ZN32flotaTotalTEST_igualAFranja_Test8TestBodyEv:
function _ZN32flotaTotalTEST_igualAFranja_Test8TestBodyEv called 1 returned 100% blocks executed 25%
        1:   30:TEST(flotaTotalTEST, igualAFranja){
       1*:   31:    EXPECT_EQ(flota(g, 1.5, 1.9), 1);
        1:   31-block  0
call    0 returned 1
branch  1 taken 1 (fallthrough)
branch  2 taken 0 (throw)
        1:   31-block  1
call    3 returned 1
branch  4 taken 1 (fallthrough)
branch  5 taken 0 (throw)
        1:   31-block  2
call    6 returned 1
branch  7 taken 1 (fallthrough)
branch  8 taken 0 (throw)
        1:   31-block  3
call    9 returned 1
call   10 returned 1
branch 11 taken 0 (fallthrough)
branch 12 taken 1
    %%%%%:   31-block  4
call   13 never executed
branch 14 never executed
branch 15 never executed
    %%%%%:   31-block  5
call   16 never executed
branch 17 never executed
branch 18 never executed
    %%%%%:   31-block  6
call   19 never executed
branch 20 never executed
branch 21 never executed
    %%%%%:   31-block  7
call   22 never executed
branch 23 never executed
branch 24 never executed
    %%%%%:   31-block  8
call   25 never executed
call   26 never executed
        1:   31-block  9
call   27 returned 1
    $$$$$:   31-block 10
    $$$$$:   31-block 11
    $$$$$:   31-block 12
    $$$$$:   31-block 13
call   28 never executed
    $$$$$:   31-block 14
    $$$$$:   31-block 15
call   29 never executed
    $$$$$:   31-block 16
    $$$$$:   31-block 17
call   30 never executed
       1*:   32:    EXPECT_EQ(flota(g, 1.5, 2.0), 1);
call    0 returned 1
branch  1 taken 1 (fallthrough)
branch  2 taken 0 (throw)
        1:   32-block  0
call    3 returned 1
branch  4 taken 1 (fallthrough)
branch  5 taken 0 (throw)
        1:   32-block  1
call    6 returned 1
branch  7 taken 1 (fallthrough)
branch  8 taken 0 (throw)
        1:   32-block  2
call    9 returned 1
call   10 returned 1
branch 11 taken 0 (fallthrough)
branch 12 taken 1
    %%%%%:   32-block  3
call   13 never executed
branch 14 never executed
branch 15 never executed
    %%%%%:   32-block  4
call   16 never executed
branch 17 never executed
branch 18 never executed
    %%%%%:   32-block  5
call   19 never executed
branch 20 never executed
branch 21 never executed
    %%%%%:   32-block  6
call   22 never executed
branch 23 never executed
branch 24 never executed
    %%%%%:   32-block  7
call   25 never executed
call   26 never executed
        1:   32-block  8
call   27 returned 1
    $$$$$:   32-block  9
    $$$$$:   32-block 10
    $$$$$:   32-block 11
    $$$$$:   32-block 12
call   28 never executed
    $$$$$:   32-block 13
    $$$$$:   32-block 14
call   29 never executed
    $$$$$:   32-block 15
    $$$$$:   32-block 16
call   30 never executed
       1*:   33:    EXPECT_EQ(flota(g, 2.0, 2.7), 1);
call    0 returned 1
branch  1 taken 1 (fallthrough)
branch  2 taken 0 (throw)
        1:   33-block  0
call    3 returned 1
branch  4 taken 1 (fallthrough)
branch  5 taken 0 (throw)
        1:   33-block  1
call    6 returned 1
branch  7 taken 1 (fallthrough)
branch  8 taken 0 (throw)
        1:   33-block  2
call    9 returned 1
call   10 returned 1
branch 11 taken 0 (fallthrough)
branch 12 taken 1
    %%%%%:   33-block  3
call   13 never executed
branch 14 never executed
branch 15 never executed
    %%%%%:   33-block  4
call   16 never executed
branch 17 never executed
branch 18 never executed
    %%%%%:   33-block  5
call   19 never executed
branch 20 never executed
branch 21 never executed
    %%%%%:   33-block  6
call   22 never executed
branch 23 never executed
branch 24 never executed
    %%%%%:   33-block  7
call   25 never executed
call   26 never executed
        1:   33-block  8
call   27 returned 1
    $$$$$:   33-block  9
    $$$$$:   33-block 10
    $$$$$:   33-block 11
    $$$$$:   33-block 12
call   28 never executed
    $$$$$:   33-block 13
    $$$$$:   33-block 14
call   29 never executed
    $$$$$:   33-block 15
    $$$$$:   33-block 16
call   30 never executed
        1:   34:}
------------------
_ZN32flotaTotalTEST_igualAFranja_TestC1Ev:
function _ZN32flotaTotalTEST_igualAFranja_TestC1Ev called 1 returned 100% blocks executed 100%
        1:   30:TEST(flotaTotalTEST, igualAFranja){
        1:   30-block  0
call    0 returned 1
------------------
